[0.016s] Invoking command in '/home/nwhit210/ros/sub/build/diffdrive_arduino': CMAKE_PREFIX_PATH=${CMAKE_PREFIX_PATH}:/home/nwhit210/ros/sub/install/twist_stamper:/opt/ros/jazzy /usr/bin/cmake --build /home/nwhit210/ros/sub/build/diffdrive_arduino -- -j8 -l8
[0.077s] [ 50%] [32mBuilding CXX object CMakeFiles/diffdrive_arduino.dir/hardware/diffbot_system.cpp.o[0m
[0.387s] In file included from [01m[K/home/nwhit210/ros/sub/src/diffdrive_arduino/hardware/include/diffdrive_arduino/diffbot_system.hpp:34[m[K,
[0.388s]                  from [01m[K/home/nwhit210/ros/sub/src/diffdrive_arduino/hardware/diffbot_system.cpp:15[m[K:
[0.388s] [01m[K/home/nwhit210/ros/sub/src/diffdrive_arduino/hardware/include/diffdrive_arduino/pigpio.hpp:5:10:[m[K [01;31m[Kfatal error: [m[Kpigpio.h: No such file or directory
[0.388s]     5 | #include [01;31m[K<pigpio.h>[m[K
[0.388s]       |          [01;31m[K^~~~~~~~~~[m[K
[0.388s] compilation terminated.
[0.390s] gmake[2]: *** [CMakeFiles/diffdrive_arduino.dir/build.make:76: CMakeFiles/diffdrive_arduino.dir/hardware/diffbot_system.cpp.o] Error 1
[0.390s] gmake[1]: *** [CMakeFiles/Makefile2:137: CMakeFiles/diffdrive_arduino.dir/all] Error 2
[0.390s] gmake: *** [Makefile:146: all] Error 2
[0.392s] Invoked command in '/home/nwhit210/ros/sub/build/diffdrive_arduino' returned '2': CMAKE_PREFIX_PATH=${CMAKE_PREFIX_PATH}:/home/nwhit210/ros/sub/install/twist_stamper:/opt/ros/jazzy /usr/bin/cmake --build /home/nwhit210/ros/sub/build/diffdrive_arduino -- -j8 -l8
